<?xml version="1.0" encoding="UTF-8"?>
<!-- Generated by org.testng.reporters.JUnitXMLReporter -->
<testsuite hostname="ITEM-81177" ignored="0" name="Test2" tests="2" failures="1" timestamp="04 Jun 2021 08:52:33 GMT" time="16.436" errors="0">
  <testcase name="rightNavBarValidation" time="1.166" classname="Academy.E2EProject3.ValidatePage"/>
  <testcase name="centerTextCheck" time="0.062" classname="Academy.E2EProject3.ValidatePage">
    <failure type="java.lang.AssertionError" message="expected [FEATURED COURSES9] but found [FEATURED COURSES]">
      <![CDATA[java.lang.AssertionError: expected [FEATURED COURSES9] but found [FEATURED COURSES]
at Academy.E2EProject3.ValidatePage.centerTextCheck(ValidatePage.java:34)
at java.util.concurrent.FutureTask.run(FutureTask.java:266)
at java.util.concurrent.ThreadPoolExecutor.runWorker(ThreadPoolExecutor.java:1149)
at java.util.concurrent.ThreadPoolExecutor$Worker.run(ThreadPoolExecutor.java:624)
at java.lang.Thread.run(Thread.java:748)
... Removed 22 stack frames]]>
    </failure>
  </testcase> <!-- centerTextCheck -->
</testsuite> <!-- Test2 -->
